0	2	5	0.000	0.8944	0.2542	0.9994	0.3752	data/0fab4e71052b9548.jpg
1	2	5	0.000	0.3713	0.6400	0.4850	0.8817	data/2642e4e681cec55b.jpg
2	2	5	0.000	0.1944	0.5455	0.2844	0.7531	data/08a6765baa7c3b1a.jpg
3	2	5	0.000	0.5994	0.5126	0.7069	0.7591	data/3847796332c2741e.jpg
4	2	5	0.000	0.4544	0.5308	0.5319	0.6342	data/32eedcc25c63f627.jpg
5	2	5	0.000	0.2725	0.2167	0.8481	0.8649	data/3686b3e744b64432.jpg
6	2	5	0.000	0.0619	0.1167	0.8931	0.9717	data/084a2d27ffddd858.jpg
7	2	5	0.000	0.5956	0.4313	0.7669	0.5428	data/221dd6f9138951a7.jpg
8	2	5	0.000	0.0000	0.0564	0.8013	0.9586	data/1b855bb9f2c33a77.jpg
9	2	5	0.000	0.0000	0.0000	0.8500	0.9980	data/010de5bc26bb2f1e.jpg
10	2	5	0.000	0.3844	0.6758	0.5769	0.9183	data/10cc3815b95ae1bb.jpg
11	2	5	0.000	0.0000	0.0000	0.9994	0.9989	data/0005a922e055c723.jpg
12	2	5	0.000	0.0344	0.0377	0.5138	0.9305	data/05828d3219564b30.jpg
13	2	5	0.000	0.0000	0.0000	0.9994	0.9991	data/3c36036022e632bd.jpg
14	2	5	0.000	0.0000	0.4756	0.9987	0.9990	data/0c755c70061becb8.jpg
15	2	5	0.000	0.4144	0.4567	0.5381	0.6700	data/00a76046606aa888.jpg
16	2	5	0.000	0.0359	0.1688	0.3844	0.8073	data/25321d2bdf1cc5bc.jpg
17	2	5	0.000	0.2047	0.5546	0.3752	0.9991	data/00839c7e26f5c5e0.jpg
18	2	5	0.000	0.0000	0.0000	0.9977	0.9990	data/2780e1a655cb6e8e.jpg
19	2	5	0.000	0.3508	0.1354	0.5211	0.5021	data/25321d2bdf1cc5bc.jpg
20	2	5	0.000	0.0000	0.2017	0.9656	0.7606	data/3ab65fcf98a9d84e.jpg
21	2	5	0.000	0.7385	0.8836	0.9256	0.9992	data/1726151343d23dc2.jpg
22	2	5	0.000	0.1288	0.4050	0.6412	0.8150	data/216da3e31dfbb78d.jpg
23	2	5	0.000	0.0000	0.1242	0.9984	0.8758	data/1ec2b689677672e7.jpg
24	2	5	0.000	0.0000	0.8351	0.0944	0.9989	data/09c07b24d4672ea2.jpg
25	2	5	0.000	0.7037	0.3475	0.8600	0.6025	data/199f317874bb9af6.jpg
26	2	5	0.000	0.2234	0.7542	0.5844	0.9979	data/407143f172757997.jpg
27	2	5	0.000	0.0000	0.1667	0.9825	0.8917	data/1d9bf4da5bd8cc07.jpg
28	2	5	0.000	0.6200	0.7383	0.6756	0.8900	data/02c05018da2870de.jpg
29	2	5	0.000	0.2825	0.0117	0.6425	0.9442	data/05151ecc4b11216b.jpg
30	2	5	0.000	0.6687	0.4017	0.7925	0.5550	data/216da3e31dfbb78d.jpg
31	2	5	0.000	0.0000	0.2189	0.1806	0.9456	data/0b9a64abf7758be8.jpg
32	2	5	0.000	0.2328	0.1186	0.6611	0.7358	data/004bd64410736c69.jpg
33	2	5	0.000	0.1525	0.0369	0.8075	0.9468	data/30f14d9b0feb175a.jpg
34	2	5	0.000	0.2718	0.4374	0.6141	0.9982	data/15230047d350afdc.jpg
35	2	5	0.000	0.8125	0.4859	0.9619	0.7543	data/28b41d02eb81564c.jpg
36	2	5	0.000	0.8414	0.3573	0.9992	0.6010	data/09f2960137eeb744.jpg
37	2	5	0.000	0.1632	0.0519	0.8114	0.9369	data/000610ca2148a5ec.jpg
38	2	5	0.000	0.1875	0.6250	0.3325	0.8833	data/2642e4e681cec55b.jpg
39	2	5	0.000	0.0000	0.4592	0.3987	0.8627	data/1ec2b689677672e7.jpg
40	2	5	0.000	0.8656	0.8042	0.9984	0.9354	data/407143f172757997.jpg
41	2	5	0.000	0.2257	0.0366	0.8443	0.9935	data/0889eb8501b7adce.jpg
42	2	5	0.000	0.6281	0.4015	0.7575	0.5807	data/0742f36f08a35ffd.jpg
43	2	5	0.000	0.3586	0.4531	0.8727	0.9615	data/25321d2bdf1cc5bc.jpg
44	2	5	0.000	0.1812	0.1969	0.7547	0.8109	data/05a529c287c9ca21.jpg
45	2	5	0.000	0.5200	0.1440	0.9540	0.9990	data/00f4db8fcca9763c.jpg
46	2	5	0.000	0.2644	0.4333	0.3269	0.5733	data/02c05018da2870de.jpg
47	2	5	0.000	0.4767	0.0667	0.8867	0.6622	data/0666abda3fa433ba.jpg
48	2	5	0.000	0.5906	0.7021	0.6672	0.9833	data/073dd5489a8faed7.jpg
49	2	5	0.000	0.4119	0.6607	0.6381	0.9794	data/08c7e8816f9c9ed9.jpg
50	2	5	0.000	0.0330	0.0375	0.9990	0.9325	data/21b6922cb3d06b40.jpg
51	2	5	0.000	0.0000	0.4139	0.2369	0.8168	data/1062690a06582845.jpg
52	2	5	0.000	0.5188	0.0267	0.6094	0.1592	data/32eedcc25c63f627.jpg
53	2	5	0.000	0.8150	0.5217	0.8744	0.7092	data/02c05018da2870de.jpg
54	2	5	0.000	0.6832	0.4138	0.8954	0.7931	data/13ce78af461f9ec8.jpg
55	2	5	0.000	0.0469	0.0021	0.4711	0.8698	data/04fb48a055fb05fa.jpg
56	2	5	0.000	0.6002	0.2744	0.8591	0.4575	data/0c0c16709c4fb7a9.jpg
57	2	5	0.000	0.1556	0.0864	0.8259	0.8667	data/372d89200e0d0251.jpg
58	2	5	0.000	0.3494	0.3400	0.4437	0.5033	data/32eedcc25c63f627.jpg
59	2	5	0.000	0.5319	0.3083	0.7425	0.7058	data/102e5834dbf0b1cc.jpg
60	2	5	0.000	0.0000	0.2794	0.2663	0.5000	data/1ec2b689677672e7.jpg
61	2	5	0.000	0.0000	0.0000	0.9994	0.9992	data/38ed1ef3b96d270a.jpg
62	2	5	0.000	0.1226	0.4875	0.4034	0.8531	data/002e531370b773ea.jpg
63	2	5	0.000	0.0031	0.0215	0.9856	0.9953	data/1313161d5aa287b6.jpg
64	2	5	0.000	0.0000	0.1050	0.2575	0.2550	data/2c44e3645f81cc0f.jpg
65	2	5	0.000	0.4294	0.7656	0.5212	0.9318	data/00782bbf3bcee6cd.jpg
66	2	5	0.000	0.4156	0.2964	0.8750	0.6989	data/0602604499b9c09d.jpg
67	2	5	0.000	0.0010	0.1172	0.6621	0.8346	data/1f1f12e2448553e0.jpg
68	2	5	0.000	0.6863	0.8408	0.8150	0.9992	data/079cab48c40308b5.jpg
69	2	5	0.000	0.6614	0.6695	0.7814	0.7463	data/0b5f8c885d7acd4f.jpg
70	2	5	0.000	0.0016	0.2938	0.7844	0.9979	data/0f17249f8bea1897.jpg
71	2	5	0.000	0.0000	0.0025	0.9994	0.9992	data/2924525acca75234.jpg
72	2	5	0.000	0.0027	0.1880	0.3873	0.8620	data/00f4db8fcca9763c.jpg
73	2	5	0.000	0.0138	0.0683	0.4788	0.7917	data/39cd067a08ced27a.jpg
74	2	5	0.000	0.0000	0.0000	0.9983	0.9437	data/0b02ca412549020e.jpg
75	2	5	0.000	0.7881	0.7292	0.9994	0.9583	data/079cab48c40308b5.jpg
76	2	5	0.000	0.1256	0.0771	0.9400	0.9160	data/1b812f313ca72811.jpg
77	2	5	0.000	0.4156	0.3192	0.5913	0.5292	data/32eedcc25c63f627.jpg
78	2	5	0.000	0.6625	0.4025	0.7013	0.4392	data/017f439639163703.jpg
79	2	5	0.000	0.8200	0.4140	0.8629	0.4460	data/3b63a6eb8c7e6913.jpg
80	2	5	0.000	0.4383	0.6429	0.7711	0.9428	data/0602604499b9c09d.jpg
81	2	5	0.000	0.0549	0.5957	0.6301	0.9978	data/04c620141ea4ca83.jpg
82	2	5	0.000	0.3912	0.4792	0.9994	0.9992	data/01381a0300454d75.jpg
83	2	5	0.000	0.5188	0.7467	0.6475	0.9817	data/015f845e4e01b04c.jpg
84	2	5	0.000	0.0150	0.6078	0.2381	0.9213	data/09c07b24d4672ea2.jpg
85	2	5	0.000	0.2477	0.6581	0.4461	0.9603	data/0602604499b9c09d.jpg
86	2	5	0.000	0.0000	0.0000	0.9988	0.9986	data/0893bff14ef90bb9.jpg
87	2	5	0.000	0.5687	0.0150	0.8962	0.7514	data/2db9e7848a1f7870.jpg
88	2	5	0.000	0.8886	0.4220	0.9714	0.4600	data/3b63a6eb8c7e6913.jpg
89	2	5	0.000	0.0144	0.0108	0.9800	0.9900	data/02d5b69a78b47942.jpg
90	2	5	0.000	0.0000	0.0808	0.8294	0.9400	data/1a78f30807319f88.jpg
91	2	5	0.000	0.0010	0.0125	0.9990	0.9981	data/0385fab646080348.jpg
92	2	5	0.000	0.3013	0.2500	0.5225	0.7086	data/00dabf1d5d5863ba.jpg
93	2	5	0.000	0.2475	0.1917	0.7937	0.7442	data/011de579feb64109.jpg
94	2	5	0.000	0.1830	0.1650	0.3840	0.5703	data/1ec2b689677672e7.jpg
95	2	5	0.000	0.0612	0.0333	0.7331	0.9992	data/0b8e700b7845d68e.jpg
96	2	5	0.000	0.0288	0.5867	0.1650	0.7533	data/1e8691ee9a011bbb.jpg
97	2	5	0.000	0.0000	0.0000	0.9988	0.9992	data/199f317874bb9af6.jpg
98	2	5	0.000	0.4619	0.0093	0.6562	0.4729	data/08c7e8816f9c9ed9.jpg
99	2	5	0.000	0.0894	0.2175	0.5619	0.6067	data/0098139fec714cb4.jpg
100	2	5	0.000	0.0000	0.1830	0.2720	0.9940	data/00d669e2390b50ee.jpg
101	2	5	0.000	0.0019	0.0000	0.2875	0.3725	data/0e9d17447102d5ac.jpg
102	2	5	0.000	0.6000	0.1445	0.7588	0.2195	data/0fab4e71052b9548.jpg
103	2	5	0.000	0.2919	0.5858	0.3269	0.6433	data/01381a0300454d75.jpg
104	2	5	0.000	0.2750	0.4615	0.6769	0.8208	data/0742f36f08a35ffd.jpg
105	2	5	0.000	0.4994	0.1275	0.9994	0.9042	data/010e5642fc0b392f.jpg
106	2	5	0.000	0.0000	0.0083	1.0000	0.9688	data/1754ef217b782df7.jpg
107	2	5	0.000	0.0012	0.4286	0.3071	0.8466	data/15230047d350afdc.jpg
108	2	5	0.000	0.1163	0.0000	0.3713	0.7420	data/2db9e7848a1f7870.jpg
109	2	5	0.000	0.0338	0.0583	0.9994	0.9992	data/3ce336981f519b55.jpg
110	2	5	0.000	0.4739	0.2406	0.7140	0.3600	data/0c0c16709c4fb7a9.jpg
111	2	5	0.000	0.0281	0.0000	0.9994	0.9331	data/004d150f127cfba6.jpg
112	2	5	0.000	0.2462	0.3246	0.4219	0.6501	data/02362e80f8bf6a64.jpg
113	2	5	0.000	0.2432	0.6794	0.6827	0.8744	data/3514ab882a546b3c.jpg
114	2	5	0.000	0.2956	0.2200	0.4037	0.2908	data/102e5834dbf0b1cc.jpg
115	2	5	0.000	0.5156	0.2402	0.6425	0.3152	data/0fab4e71052b9548.jpg
116	2	5	0.000	0.0250	0.5009	0.4125	0.9991	data/30e366352cba4828.jpg
117	2	5	0.000	0.0470	0.7120	0.1832	0.8882	data/00839c7e26f5c5e0.jpg
118	2	5	0.000	0.5088	0.8593	0.6362	0.9991	data/31cd0ce458ff17a7.jpg
119	2	5	0.000	0.5500	0.7683	0.7500	0.9992	data/016fdfb65d4e3bcc.jpg
120	2	5	0.000	0.0000	0.4425	0.2750	0.5892	data/00a76046606aa888.jpg
121	2	5	0.000	0.2557	0.3226	0.5457	0.8645	data/085dd1e298078329.jpg
122	2	5	0.000	0.6487	0.1176	0.9216	0.5065	data/1ec2b689677672e7.jpg
123	2	5	0.000	0.7369	0.0094	0.8087	0.1388	data/0fab4e71052b9548.jpg
124	2	5	0.000	0.8331	0.2775	1.0000	0.9667	data/0f438192f88bbbb5.jpg
125	2	5	0.000	0.5356	0.4508	0.9531	0.9075	data/3685d04362f3ddbf.jpg
126	2	5	0.000	0.7056	0.2637	0.9865	0.6886	data/1062690a06582845.jpg
127	2	5	0.000	0.2762	0.3433	0.4600	0.4175	data/216da3e31dfbb78d.jpg
128	2	5	0.000	0.0013	0.6050	0.5720	1.0000	data/0ac1bb20bf06bfbc.jpg
129	2	5	0.000	0.3142	0.5681	0.5772	0.7019	data/3514ab882a546b3c.jpg
130	2	5	0.000	0.6727	0.8810	0.7477	0.9988	data/0602604499b9c09d.jpg
131	2	5	0.000	0.2861	0.6021	0.8066	0.9721	data/0584a649be6bf199.jpg
132	2	5	0.000	0.2458	0.7444	0.6700	0.9150	data/1f005d89876c2da2.jpg
133	2	5	0.000	0.8567	0.5837	0.9725	0.7050	data/389f1a00e51d581c.jpg
134	2	5	0.000	0.1676	0.1484	0.8762	0.9276	data/2d31814a83634fab.jpg
135	2	5	0.000	0.2612	0.6317	0.4550	0.9667	data/079cab48c40308b5.jpg
136	2	5	0.000	0.4012	0.3825	0.6162	0.8411	data/00dabf1d5d5863ba.jpg
137	2	5	0.000	0.2225	0.1871	0.3962	0.5811	data/00dabf1d5d5863ba.jpg
138	2	5	0.000	0.0258	0.0021	0.9984	0.8240	data/003bfa647c199309.jpg
139	2	5	0.000	0.2026	0.2647	0.7647	0.9216	data/09f9fb6ef25b1eda.jpg
140	2	5	0.000	0.0431	0.0125	0.9986	0.9979	data/35c117011545b09b.jpg
141	2	5	0.000	0.4612	0.0417	0.9287	0.6500	data/13006173cef6cc5e.jpg
142	2	5	0.000	0.3450	0.5050	0.4175	0.6242	data/01381a0300454d75.jpg
143	2	5	0.000	0.4450	0.2796	0.6462	0.8030	data/0fab4e71052b9548.jpg
144	2	5	0.000	0.0681	0.5475	0.3081	0.7683	data/00a76046606aa888.jpg
145	2	5	0.000	0.5069	0.3200	0.7681	0.6800	data/0e158a57aa58babf.jpg
146	2	5	0.000	0.6125	0.1021	0.9070	0.6771	data/25321d2bdf1cc5bc.jpg
147	2	5	0.000	0.0092	0.0006	0.9992	0.8806	data/079ed1f3fa86d7c9.jpg
148	2	5	0.000	0.0000	0.0000	0.5719	0.2792	data/404d92e51549f991.jpg
149	2	5	0.000	0.0856	0.0925	0.7027	0.8406	data/04517668a869f2d8.jpg
150	2	5	0.000	0.4919	0.4600	0.6419	0.7283	data/00a76046606aa888.jpg
151	2	5	0.000	0.0650	0.2836	0.0869	0.3033	data/0603f22006991971.jpg
152	2	5	0.000	0.0575	0.1292	0.5394	0.9683	data/13006173cef6cc5e.jpg
153	2	5	0.000	0.1737	0.1050	0.9962	0.8267	data/1df171bdb99a62b4.jpg
154	2	5	0.000	0.0000	0.4858	0.2662	0.8292	data/216da3e31dfbb78d.jpg
155	2	5	0.000	0.8060	0.3460	0.9990	0.9340	data/00d669e2390b50ee.jpg
156	2	5	0.000	0.0000	0.2129	0.3225	0.9991	data/0e43afa5ff1089f1.jpg
157	2	5	0.000	0.0400	0.0800	0.9992	0.9219	data/30aa6eb04dddeb5f.jpg
158	2	5	0.000	0.0000	0.5117	0.1856	0.7792	data/10cc3815b95ae1bb.jpg
159	2	5	0.000	0.7825	0.7267	0.9062	0.9175	data/02c05018da2870de.jpg
160	2	5	0.000	0.0000	0.2300	0.9792	0.9494	data/33833782e3014346.jpg
161	2	5	0.000	0.0000	0.4456	0.9992	0.9975	data/00ca4857f3aaced7.jpg
162	2	5	0.000	0.0844	0.2292	0.3344	0.4800	data/03b3f942b2c2b0e8.jpg
163	2	5	0.000	0.8387	0.0000	0.9994	0.9875	data/3ff4ab51accbfe88.jpg
164	2	5	0.000	0.4662	0.4585	0.8700	0.9991	data/2c10377016e5bc44.jpg
165	2	5	0.000	0.2112	0.0807	0.6312	0.8424	data/0e43afa5ff1089f1.jpg
166	2	5	0.000	0.0506	0.0929	0.9781	1.0000	data/107c39b2b1fb8d37.jpg
167	2	5	0.000	0.4437	0.4417	0.5319	0.5725	data/32eedcc25c63f627.jpg
168	2	5	0.000	0.3706	0.6442	0.4338	0.6783	data/017f439639163703.jpg
169	2	5	0.000	0.0681	0.0325	0.7331	0.9950	data/0b8e700b7845d68e.jpg
170	2	5	0.000	0.5188	0.7642	0.6250	0.9542	data/005f6296062603a9.jpg
171	2	5	0.000	0.6306	0.1455	0.9062	0.6123	data/30f14d9b0feb175a.jpg
172	2	5	0.000	0.3406	0.4184	0.8413	0.8413	data/2ea40f1eb4b47510.jpg
173	2	5	0.000	0.5281	0.6133	0.6625	0.7283	data/102e5834dbf0b1cc.jpg
174	2	5	0.000	0.7825	0.2122	0.8506	0.2967	data/0603f22006991971.jpg
175	2	5	0.000	0.7531	0.1817	0.9631	0.6563	data/19a8e932846547b4.jpg
176	2	5	0.000	0.0419	0.0025	0.9981	0.9975	data/0e0aa4980de127ba.jpg
177	2	5	0.000	0.8317	0.5956	0.9992	0.9375	data/389f1a00e51d581c.jpg
178	2	5	0.000	0.0125	0.1338	0.5692	0.7894	data/0651786a7821ab22.jpg
179	2	5	0.000	0.2925	0.2974	0.5494	0.9606	data/011d3ecef79d91ad.jpg
180	2	5	0.000	0.6350	0.3664	0.9990	0.7552	data/3576f29874ba3702.jpg
181	2	5	0.000	0.8020	0.5641	0.9983	0.8571	data/1062690a06582845.jpg
182	2	5	0.000	0.0000	0.3725	0.9969	0.9486	data/00782bbf3bcee6cd.jpg
183	2	5	0.000	0.7475	0.1135	0.9994	0.3039	data/0fab4e71052b9548.jpg
184	2	5	0.000	0.3519	0.1745	0.5056	0.7401	data/2db9e7848a1f7870.jpg
185	2	5	0.000	0.1433	0.3289	0.5700	0.9689	data/0666abda3fa433ba.jpg
186	2	5	0.000	0.7333	0.4799	0.8922	0.6119	data/2747c5caf0332df9.jpg
187	2	5	0.000	0.0033	0.0031	0.9975	0.9962	data/00eb3e909dbdc5d3.jpg
188	2	5	0.000	0.2250	0.1958	0.9992	0.9719	data/05642dbfac7ae5b0.jpg
189	2	5	0.000	0.3688	0.7211	0.6766	0.9988	data/0602604499b9c09d.jpg
190	2	5	0.000	0.2194	0.3133	0.5125	0.6850	data/0e158a57aa58babf.jpg
191	2	5	0.000	0.4525	0.6175	0.5654	0.7894	data/02ef95d1f8e547e2.jpg
192	2	5	0.000	0.2033	0.1850	0.8867	0.9125	data/089b1550d7b264b5.jpg
193	2	5	0.000	0.3875	0.6758	0.6500	0.9992	data/079cab48c40308b5.jpg
194	2	5	0.000	0.0525	0.0144	0.8342	0.8600	data/32045bd39205d0ea.jpg
195	2	5	0.000	0.1412	0.0019	0.9981	0.9708	data/0b00d5a7dc6ce4f6.jpg
196	2	5	0.000	0.7700	0.8300	0.8740	0.9825	data/2a96abf3c061a5c6.jpg
197	2	5	0.000	0.8820	0.7525	1.0000	1.0000	data/2a96abf3c061a5c6.jpg
198	2	5	0.000	0.0000	0.0000	0.9994	0.9990	data/03e66f1e67b7ecea.jpg
199	2	5	0.000	0.2693	0.3187	0.6117	0.4350	data/0c0c16709c4fb7a9.jpg
200	2	5	0.000	0.1275	0.0283	0.4894	0.7333	data/01f872d7220f8440.jpg
201	2	5	0.000	0.0176	0.0000	0.9990	0.9985	data/00075e339f3d4f37.jpg
202	2	5	0.000	0.0644	0.1823	0.4706	0.8905	data/01c594ab2dd45d6b.jpg
203	2	5	0.000	0.0539	0.7510	0.4305	0.9990	data/0b1502a23af6a54f.jpg
204	2	5	0.000	0.4703	0.6667	0.6562	0.9625	data/073dd5489a8faed7.jpg
205	2	5	0.000	0.1681	0.2251	0.9994	0.9991	data/02362e80f8bf6a64.jpg
206	2	5	0.000	0.3913	0.7621	0.5544	0.8435	data/00839c7e26f5c5e0.jpg
207	2	5	0.000	0.0078	0.1844	0.6094	0.7875	data/13fc0778708f6e0d.jpg
208	2	5	0.000	0.0000	0.1000	0.9967	0.7338	data/029cf7b6d1a98a8c.jpg
209	2	5	0.000	0.8263	0.7333	0.9688	0.9983	data/1e8691ee9a011bbb.jpg
210	2	5	0.000	0.0017	0.2000	0.9967	0.9525	data/3c03254779883188.jpg
211	2	5	0.000	0.6100	0.6882	0.6344	0.7116	data/002c60d5fbc94244.jpg
212	2	5	0.000	0.2227	0.2031	0.9945	0.9708	data/05642dbfac7ae5b0.jpg
213	2	5	0.000	0.1919	0.3100	0.5644	0.6908	data/1beff3b2c1ed864c.jpg
214	2	5	0.000	0.0000	0.6056	0.2806	0.8006	data/294d9606656083bf.jpg
215	2	5	0.000	0.1512	0.6983	0.3531	0.9720	data/09c07b24d4672ea2.jpg
216	2	5	0.000	0.5625	0.1482	0.6219	0.2599	data/0fab4e71052b9548.jpg
217	2	5	0.000	0.3221	0.4664	0.4565	0.8156	data/002e531370b773ea.jpg
218	2	5	0.000	0.0000	0.3738	0.1989	0.5375	data/21664803b7ae1307.jpg
219	2	5	0.000	0.3675	0.5993	0.5481	0.7949	data/22c6a5957c238985.jpg
220	2	5	0.000	0.5533	0.0000	0.9992	0.6085	data/0330e2cd3d28c3e2.jpg
221	2	5	0.000	0.0569	0.4894	0.3169	0.7887	data/221dd6f9138951a7.jpg
222	2	5	0.000	0.3143	0.1600	0.9991	0.4963	data/2e00506ba1a0446f.jpg
223	2	5	0.000	0.6138	0.2033	0.8281	0.5092	data/102e5834dbf0b1cc.jpg
224	2	5	0.000	0.5120	0.6304	0.9990	0.9984	data/3576f29874ba3702.jpg
225	2	5	0.000	0.6031	0.3625	0.6887	0.4342	data/01381a0300454d75.jpg
226	2	5	0.000	0.1631	0.5192	0.2894	0.5950	data/01381a0300454d75.jpg
227	2	5	0.000	0.7338	0.6608	0.8406	0.8450	data/02c05018da2870de.jpg
228	2	5	0.000	0.0394	0.0100	0.9994	0.7750	data/1e5c3d37081118ac.jpg
229	2	5	0.000	0.4813	0.8831	0.5819	0.9989	data/002c60d5fbc94244.jpg
230	2	5	0.000	0.3470	0.2817	0.4555	0.4626	data/0345e899cc440fde.jpg
231	2	5	0.000	0.0638	0.0092	0.9294	0.9625	data/03be03672fb2764e.jpg
232	2	5	0.000	0.0612	0.1704	0.8438	0.9270	data/087cb4774ad3a321.jpg
233	2	5	0.000	0.0000	0.0742	0.8263	0.9992	data/1cbf39b80430466e.jpg
234	2	5	0.000	0.7367	0.3667	0.8258	0.4719	data/09f2960137eeb744.jpg
235	2	5	0.000	0.3862	0.0460	0.5575	0.3405	data/0fab4e71052b9548.jpg
236	2	5	0.000	0.6398	0.3198	0.8469	0.9062	data/05642dbfac7ae5b0.jpg
237	2	5	0.000	0.0000	0.0000	0.5756	0.4917	data/1a78f30807319f88.jpg
238	2	5	0.000	0.6274	0.3339	0.8742	0.7248	data/0e1d80d6a5571846.jpg
239	2	5	0.000	0.4156	0.3533	0.5044	0.4858	data/32eedcc25c63f627.jpg
240	2	5	0.000	0.6975	0.6400	0.8050	0.8667	data/2642e4e681cec55b.jpg
241	2	5	0.000	0.2131	0.1725	0.7350	0.5375	data/0098139fec714cb4.jpg
242	2	5	0.000	0.0806	0.0685	0.9994	0.9991	data/054e3559c9043d59.jpg
243	2	5	0.000	0.2556	0.0967	0.5381	0.5892	data/24107f46fce599fa.jpg
244	2	5	0.000	0.0000	0.3706	0.2559	0.6131	data/04cdf0a6b8628ecc.jpg
245	2	5	0.000	0.5569	0.1341	0.9475	0.9071	data/328d94d2d729b5cc.jpg
246	2	5	0.000	0.8794	0.0000	0.9994	0.2117	data/404d92e51549f991.jpg
247	2	5	0.000	0.0247	0.1764	0.2235	0.4762	data/15230047d350afdc.jpg
248	2	5	0.000	0.0297	0.1359	0.5953	0.5469	data/090b2ca2ed591b44.jpg
249	2	5	0.000	0.4188	0.0842	0.9994	0.9992	data/1a97bb789f4361f6.jpg
250	2	5	0.000	0.1163	0.4108	0.2612	0.5242	data/01381a0300454d75.jpg
251	2	5	0.000	0.0056	0.0017	0.9900	0.9958	data/3435faef2c5ccd6a.jpg
252	2	5	0.000	0.0000	0.5481	0.0667	0.9991	data/30e366352cba4828.jpg
253	2	5	0.000	0.0288	0.0233	0.6288	0.9533	data/1e8691ee9a011bbb.jpg
254	2	5	0.000	0.6256	0.2364	0.7344	0.3152	data/0fab4e71052b9548.jpg
255	2	5	0.000	0.0000	0.0000	0.9994	0.9992	data/0266e0072fd9e038.jpg
256	2	5	0.000	0.3068	0.1525	0.9984	0.9988	data/011c2e4461eb1fdc.jpg
257	2	5	0.000	0.6681	0.0933	0.7931	0.3033	data/079cab48c40308b5.jpg
258	2	5	0.000	0.0035	0.3280	0.1694	0.7090	data/15230047d350afdc.jpg
259	2	5	0.000	0.0000	0.0906	1.0000	0.9337	data/0034c7d615675754.jpg
260	2	5	0.000	0.5913	0.2632	0.7775	0.8013	data/00dabf1d5d5863ba.jpg
261	2	5	0.000	0.5894	0.6860	0.6050	0.7138	data/002c60d5fbc94244.jpg
262	2	5	0.000	0.1719	0.2188	0.9984	0.9979	data/0ffb7a7f63605d02.jpg
263	2	5	0.000	0.0994	0.0225	0.9825	0.9967	data/0e47cb8a63fdead3.jpg
264	2	5	0.000	0.1736	0.3064	0.4283	0.6899	data/0e1d80d6a5571846.jpg
265	2	5	0.000	0.3417	0.4465	0.8317	0.8493	data/0330e2cd3d28c3e2.jpg
266	2	5	0.000	0.5088	0.6417	0.6375	0.8733	data/2642e4e681cec55b.jpg
267	2	5	0.000	0.2070	0.0000	0.8390	0.9890	data/00d669e2390b50ee.jpg
268	2	5	0.000	0.5525	0.4292	0.7963	0.7217	data/216da3e31dfbb78d.jpg
269	2	5	0.000	0.4288	0.1379	0.6725	0.7477	data/2db9e7848a1f7870.jpg
270	2	5	0.000	0.5320	0.5031	0.8430	0.9969	data/09f2960137eeb744.jpg
271	2	5	0.000	0.3844	0.4562	0.4688	0.7042	data/073dd5489a8faed7.jpg
272	2	5	0.000	0.1081	0.0356	0.8831	0.9991	data/059da2366c3be42c.jpg
273	2	5	0.000	0.2094	0.0788	0.2938	0.1848	data/0fab4e71052b9548.jpg
274	2	5	0.000	0.7435	0.0523	0.9641	0.9428	data/007653c739edf912.jpg
275	2	5	0.000	0.2562	0.2567	0.4825	0.3808	data/216da3e31dfbb78d.jpg
276	2	5	0.000	0.1850	0.0700	1.0000	0.9822	data/0088db0070781736.jpg
277	2	5	0.000	0.1138	0.5795	0.3256	0.9892	data/0ddad0dfddfbe0d6.jpg
278	2	5	0.000	0.0866	0.1863	0.9330	0.9984	data/211bcd6cfb7e0df9.jpg
279	2	5	0.000	0.2950	0.3063	0.7458	1.0000	data/2c44e3645f81cc0f.jpg
280	2	5	0.000	0.3130	0.1245	0.5685	0.6447	data/1062690a06582845.jpg
281	2	5	0.000	0.3294	0.5550	0.4869	0.7758	data/01381a0300454d75.jpg
282	2	5	0.000	0.0000	0.0206	0.1663	0.7533	data/2db9e7848a1f7870.jpg
283	2	5	0.000	0.1187	0.6167	0.1663	0.6767	data/017f439639163703.jpg
284	2	5	0.000	0.2406	0.5625	0.3200	0.7617	data/005f6296062603a9.jpg
285	2	5	0.000	0.3906	0.2028	0.4431	0.2685	data/0603f22006991971.jpg
286	2	5	0.000	0.9219	0.5542	0.9688	0.5975	data/017f439639163703.jpg
287	2	5	0.000	0.0844	0.0715	0.8781	0.9754	data/0a553ce06f26e637.jpg
288	2	5	0.000	0.0643	0.0586	0.3096	0.5568	data/1062690a06582845.jpg
289	2	5	0.000	0.0300	0.0183	0.4044	1.0000	data/046414a706b9381f.jpg
290	2	5	0.000	0.3237	0.2992	0.9194	0.8442	data/00ac97302d6c1582.jpg
291	2	5	0.000	0.3975	0.0197	0.6075	0.3921	data/0742f36f08a35ffd.jpg
292	2	5	0.000	0.1056	0.2542	0.0006	0.3752	data/transposed_0fab4e71052b9548.jpg
293	2	5	0.000	0.6287	0.6400	0.5150	0.8817	data/transposed_2642e4e681cec55b.jpg
294	2	5	0.000	0.8056	0.5455	0.7156	0.7531	data/transposed_08a6765baa7c3b1a.jpg
295	2	5	0.000	0.4006	0.5126	0.2931	0.7591	data/transposed_3847796332c2741e.jpg
296	2	5	0.000	0.5456	0.5308	0.4681	0.6342	data/transposed_32eedcc25c63f627.jpg
297	2	5	0.000	0.7275	0.2167	0.1519	0.8649	data/transposed_3686b3e744b64432.jpg
298	2	5	0.000	0.9381	0.1167	0.1069	0.9717	data/transposed_084a2d27ffddd858.jpg
299	2	5	0.000	0.4044	0.4313	0.2331	0.5428	data/transposed_221dd6f9138951a7.jpg
300	2	5	0.000	1.0000	0.0564	0.1987	0.9586	data/transposed_1b855bb9f2c33a77.jpg
301	2	5	0.000	1.0000	0.0000	0.1500	0.9980	data/transposed_010de5bc26bb2f1e.jpg
302	2	5	0.000	0.6156	0.6758	0.4231	0.9183	data/transposed_10cc3815b95ae1bb.jpg
303	2	5	0.000	1.0000	0.0000	0.0006	0.9989	data/transposed_0005a922e055c723.jpg
304	2	5	0.000	0.9656	0.0377	0.4862	0.9305	data/transposed_05828d3219564b30.jpg
305	2	5	0.000	1.0000	0.0000	0.0006	0.9991	data/transposed_3c36036022e632bd.jpg
306	2	5	0.000	1.0000	0.4756	0.0013	0.9990	data/transposed_0c755c70061becb8.jpg
307	2	5	0.000	0.5856	0.4567	0.4619	0.6700	data/transposed_00a76046606aa888.jpg
308	2	5	0.000	0.9641	0.1688	0.6156	0.8073	data/transposed_25321d2bdf1cc5bc.jpg
309	2	5	0.000	0.7953	0.5546	0.6248	0.9991	data/transposed_00839c7e26f5c5e0.jpg
310	2	5	0.000	1.0000	0.0000	0.0023	0.9990	data/transposed_2780e1a655cb6e8e.jpg
311	2	5	0.000	0.6492	0.1354	0.4789	0.5021	data/transposed_25321d2bdf1cc5bc.jpg
312	2	5	0.000	1.0000	0.2017	0.0344	0.7606	data/transposed_3ab65fcf98a9d84e.jpg
313	2	5	0.000	0.2615	0.8836	0.0744	0.9992	data/transposed_1726151343d23dc2.jpg
314	2	5	0.000	0.8713	0.4050	0.3588	0.8150	data/transposed_216da3e31dfbb78d.jpg
315	2	5	0.000	1.0000	0.1242	0.0016	0.8758	data/transposed_1ec2b689677672e7.jpg
316	2	5	0.000	1.0000	0.8351	0.9056	0.9989	data/transposed_09c07b24d4672ea2.jpg
317	2	5	0.000	0.2963	0.3475	0.1400	0.6025	data/transposed_199f317874bb9af6.jpg
318	2	5	0.000	0.7766	0.7542	0.4156	0.9979	data/transposed_407143f172757997.jpg
319	2	5	0.000	1.0000	0.1667	0.0175	0.8917	data/transposed_1d9bf4da5bd8cc07.jpg
320	2	5	0.000	0.3800	0.7383	0.3244	0.8900	data/transposed_02c05018da2870de.jpg
321	2	5	0.000	0.7175	0.0117	0.3575	0.9442	data/transposed_05151ecc4b11216b.jpg
322	2	5	0.000	0.3313	0.4017	0.2075	0.5550	data/transposed_216da3e31dfbb78d.jpg
323	2	5	0.000	1.0000	0.2189	0.8194	0.9456	data/transposed_0b9a64abf7758be8.jpg
324	2	5	0.000	0.7672	0.1186	0.3389	0.7358	data/transposed_004bd64410736c69.jpg
325	2	5	0.000	0.8475	0.0369	0.1925	0.9468	data/transposed_30f14d9b0feb175a.jpg
326	2	5	0.000	0.7282	0.4374	0.3859	0.9982	data/transposed_15230047d350afdc.jpg
327	2	5	0.000	0.1875	0.4859	0.0381	0.7543	data/transposed_28b41d02eb81564c.jpg
328	2	5	0.000	0.1586	0.3573	0.0008	0.6010	data/transposed_09f2960137eeb744.jpg
329	2	5	0.000	0.8368	0.0519	0.1886	0.9369	data/transposed_000610ca2148a5ec.jpg
330	2	5	0.000	0.8125	0.6250	0.6675	0.8833	data/transposed_2642e4e681cec55b.jpg
331	2	5	0.000	1.0000	0.4592	0.6013	0.8627	data/transposed_1ec2b689677672e7.jpg
332	2	5	0.000	0.1344	0.8042	0.0016	0.9354	data/transposed_407143f172757997.jpg
333	2	5	0.000	0.7743	0.0366	0.1557	0.9935	data/transposed_0889eb8501b7adce.jpg
334	2	5	0.000	0.3719	0.4015	0.2425	0.5807	data/transposed_0742f36f08a35ffd.jpg
335	2	5	0.000	0.6414	0.4531	0.1273	0.9615	data/transposed_25321d2bdf1cc5bc.jpg
336	2	5	0.000	0.8187	0.1969	0.2453	0.8109	data/transposed_05a529c287c9ca21.jpg
337	2	5	0.000	0.4800	0.1440	0.0460	0.9990	data/transposed_00f4db8fcca9763c.jpg
338	2	5	0.000	0.7356	0.4333	0.6731	0.5733	data/transposed_02c05018da2870de.jpg
339	2	5	0.000	0.5233	0.0667	0.1133	0.6622	data/transposed_0666abda3fa433ba.jpg
340	2	5	0.000	0.4094	0.7021	0.3328	0.9833	data/transposed_073dd5489a8faed7.jpg
341	2	5	0.000	0.5881	0.6607	0.3619	0.9794	data/transposed_08c7e8816f9c9ed9.jpg
342	2	5	0.000	0.9670	0.0375	0.0010	0.9325	data/transposed_21b6922cb3d06b40.jpg
343	2	5	0.000	1.0000	0.4139	0.7631	0.8168	data/transposed_1062690a06582845.jpg
344	2	5	0.000	0.4812	0.0267	0.3906	0.1592	data/transposed_32eedcc25c63f627.jpg
345	2	5	0.000	0.1850	0.5217	0.1256	0.7092	data/transposed_02c05018da2870de.jpg
346	2	5	0.000	0.3168	0.4138	0.1046	0.7931	data/transposed_13ce78af461f9ec8.jpg
347	2	5	0.000	0.9531	0.0021	0.5289	0.8698	data/transposed_04fb48a055fb05fa.jpg
348	2	5	0.000	0.3998	0.2744	0.1409	0.4575	data/transposed_0c0c16709c4fb7a9.jpg
349	2	5	0.000	0.8444	0.0864	0.1741	0.8667	data/transposed_372d89200e0d0251.jpg
350	2	5	0.000	0.6506	0.3400	0.5563	0.5033	data/transposed_32eedcc25c63f627.jpg
351	2	5	0.000	0.4681	0.3083	0.2575	0.7058	data/transposed_102e5834dbf0b1cc.jpg
352	2	5	0.000	1.0000	0.2794	0.7337	0.5000	data/transposed_1ec2b689677672e7.jpg
353	2	5	0.000	1.0000	0.0000	0.0006	0.9992	data/transposed_38ed1ef3b96d270a.jpg
354	2	5	0.000	0.8774	0.4875	0.5966	0.8531	data/transposed_002e531370b773ea.jpg
355	2	5	0.000	0.9969	0.0215	0.0144	0.9953	data/transposed_1313161d5aa287b6.jpg
356	2	5	0.000	1.0000	0.1050	0.7425	0.2550	data/transposed_2c44e3645f81cc0f.jpg
357	2	5	0.000	0.5706	0.7656	0.4788	0.9318	data/transposed_00782bbf3bcee6cd.jpg
358	2	5	0.000	0.5844	0.2964	0.1250	0.6989	data/transposed_0602604499b9c09d.jpg
359	2	5	0.000	0.9990	0.1172	0.3379	0.8346	data/transposed_1f1f12e2448553e0.jpg
360	2	5	0.000	0.3137	0.8408	0.1850	0.9992	data/transposed_079cab48c40308b5.jpg
361	2	5	0.000	0.3386	0.6695	0.2186	0.7463	data/transposed_0b5f8c885d7acd4f.jpg
362	2	5	0.000	0.9984	0.2938	0.2156	0.9979	data/transposed_0f17249f8bea1897.jpg
363	2	5	0.000	1.0000	0.0025	0.0006	0.9992	data/transposed_2924525acca75234.jpg
364	2	5	0.000	0.9973	0.1880	0.6127	0.8620	data/transposed_00f4db8fcca9763c.jpg
365	2	5	0.000	0.9863	0.0683	0.5212	0.7917	data/transposed_39cd067a08ced27a.jpg
366	2	5	0.000	1.0000	0.0000	0.0017	0.9437	data/transposed_0b02ca412549020e.jpg
367	2	5	0.000	0.2119	0.7292	0.0006	0.9583	data/transposed_079cab48c40308b5.jpg
368	2	5	0.000	0.8744	0.0771	0.0600	0.9160	data/transposed_1b812f313ca72811.jpg
369	2	5	0.000	0.5844	0.3192	0.4087	0.5292	data/transposed_32eedcc25c63f627.jpg
370	2	5	0.000	0.3375	0.4025	0.2987	0.4392	data/transposed_017f439639163703.jpg
371	2	5	0.000	0.1800	0.4140	0.1371	0.4460	data/transposed_3b63a6eb8c7e6913.jpg
372	2	5	0.000	0.5617	0.6429	0.2289	0.9428	data/transposed_0602604499b9c09d.jpg
373	2	5	0.000	0.9451	0.5957	0.3699	0.9978	data/transposed_04c620141ea4ca83.jpg
374	2	5	0.000	0.6088	0.4792	0.0006	0.9992	data/transposed_01381a0300454d75.jpg
375	2	5	0.000	0.4812	0.7467	0.3525	0.9817	data/transposed_015f845e4e01b04c.jpg
376	2	5	0.000	0.9850	0.6078	0.7619	0.9213	data/transposed_09c07b24d4672ea2.jpg
377	2	5	0.000	0.7523	0.6581	0.5539	0.9603	data/transposed_0602604499b9c09d.jpg
378	2	5	0.000	1.0000	0.0000	0.0012	0.9986	data/transposed_0893bff14ef90bb9.jpg
379	2	5	0.000	0.4313	0.0150	0.1038	0.7514	data/transposed_2db9e7848a1f7870.jpg
380	2	5	0.000	0.1114	0.4220	0.0286	0.4600	data/transposed_3b63a6eb8c7e6913.jpg
381	2	5	0.000	0.9856	0.0108	0.0200	0.9900	data/transposed_02d5b69a78b47942.jpg
382	2	5	0.000	1.0000	0.0808	0.1706	0.9400	data/transposed_1a78f30807319f88.jpg
383	2	5	0.000	0.9990	0.0125	0.0010	0.9981	data/transposed_0385fab646080348.jpg
384	2	5	0.000	0.6987	0.2500	0.4775	0.7086	data/transposed_00dabf1d5d5863ba.jpg
385	2	5	0.000	0.7525	0.1917	0.2063	0.7442	data/transposed_011de579feb64109.jpg
386	2	5	0.000	0.8170	0.1650	0.6160	0.5703	data/transposed_1ec2b689677672e7.jpg
387	2	5	0.000	0.9387	0.0333	0.2669	0.9992	data/transposed_0b8e700b7845d68e.jpg
388	2	5	0.000	0.9712	0.5867	0.8350	0.7533	data/transposed_1e8691ee9a011bbb.jpg
389	2	5	0.000	1.0000	0.0000	0.0012	0.9992	data/transposed_199f317874bb9af6.jpg
390	2	5	0.000	0.5381	0.0093	0.3438	0.4729	data/transposed_08c7e8816f9c9ed9.jpg
391	2	5	0.000	0.9106	0.2175	0.4381	0.6067	data/transposed_0098139fec714cb4.jpg
392	2	5	0.000	1.0000	0.1830	0.7280	0.9940	data/transposed_00d669e2390b50ee.jpg
393	2	5	0.000	0.9981	0.0000	0.7125	0.3725	data/transposed_0e9d17447102d5ac.jpg
394	2	5	0.000	0.4000	0.1445	0.2412	0.2195	data/transposed_0fab4e71052b9548.jpg
395	2	5	0.000	0.7081	0.5858	0.6731	0.6433	data/transposed_01381a0300454d75.jpg
396	2	5	0.000	0.7250	0.4615	0.3231	0.8208	data/transposed_0742f36f08a35ffd.jpg
397	2	5	0.000	0.5006	0.1275	0.0006	0.9042	data/transposed_010e5642fc0b392f.jpg
398	2	5	0.000	1.0000	0.0083	0.0000	0.9688	data/transposed_1754ef217b782df7.jpg
399	2	5	0.000	0.9988	0.4286	0.6929	0.8466	data/transposed_15230047d350afdc.jpg
400	2	5	0.000	0.8838	0.0000	0.6287	0.7420	data/transposed_2db9e7848a1f7870.jpg
401	2	5	0.000	0.9663	0.0583	0.0006	0.9992	data/transposed_3ce336981f519b55.jpg
402	2	5	0.000	0.5261	0.2406	0.2860	0.3600	data/transposed_0c0c16709c4fb7a9.jpg
403	2	5	0.000	0.9719	0.0000	0.0006	0.9331	data/transposed_004d150f127cfba6.jpg
404	2	5	0.000	0.7538	0.3246	0.5781	0.6501	data/transposed_02362e80f8bf6a64.jpg
405	2	5	0.000	0.7568	0.6794	0.3173	0.8744	data/transposed_3514ab882a546b3c.jpg
406	2	5	0.000	0.7044	0.2200	0.5962	0.2908	data/transposed_102e5834dbf0b1cc.jpg
407	2	5	0.000	0.4844	0.2402	0.3575	0.3152	data/transposed_0fab4e71052b9548.jpg
408	2	5	0.000	0.9750	0.5009	0.5875	0.9991	data/transposed_30e366352cba4828.jpg
409	2	5	0.000	0.9530	0.7120	0.8168	0.8882	data/transposed_00839c7e26f5c5e0.jpg
410	2	5	0.000	0.4912	0.8593	0.3638	0.9991	data/transposed_31cd0ce458ff17a7.jpg
411	2	5	0.000	0.4500	0.7683	0.2500	0.9992	data/transposed_016fdfb65d4e3bcc.jpg
412	2	5	0.000	1.0000	0.4425	0.7250	0.5892	data/transposed_00a76046606aa888.jpg
413	2	5	0.000	0.7443	0.3226	0.4543	0.8645	data/transposed_085dd1e298078329.jpg
414	2	5	0.000	0.3513	0.1176	0.0784	0.5065	data/transposed_1ec2b689677672e7.jpg
415	2	5	0.000	0.2631	0.0094	0.1913	0.1388	data/transposed_0fab4e71052b9548.jpg
416	2	5	0.000	0.1669	0.2775	0.0000	0.9667	data/transposed_0f438192f88bbbb5.jpg
417	2	5	0.000	0.4644	0.4508	0.0469	0.9075	data/transposed_3685d04362f3ddbf.jpg
418	2	5	0.000	0.2944	0.2637	0.0135	0.6886	data/transposed_1062690a06582845.jpg
419	2	5	0.000	0.7237	0.3433	0.5400	0.4175	data/transposed_216da3e31dfbb78d.jpg
420	2	5	0.000	0.9987	0.6050	0.4280	1.0000	data/transposed_0ac1bb20bf06bfbc.jpg
421	2	5	0.000	0.6858	0.5681	0.4228	0.7019	data/transposed_3514ab882a546b3c.jpg
422	2	5	0.000	0.3273	0.8810	0.2523	0.9988	data/transposed_0602604499b9c09d.jpg
423	2	5	0.000	0.7139	0.6021	0.1934	0.9721	data/transposed_0584a649be6bf199.jpg
424	2	5	0.000	0.7542	0.7444	0.3300	0.9150	data/transposed_1f005d89876c2da2.jpg
425	2	5	0.000	0.1433	0.5837	0.0275	0.7050	data/transposed_389f1a00e51d581c.jpg
426	2	5	0.000	0.8324	0.1484	0.1238	0.9276	data/transposed_2d31814a83634fab.jpg
427	2	5	0.000	0.7388	0.6317	0.5450	0.9667	data/transposed_079cab48c40308b5.jpg
428	2	5	0.000	0.5988	0.3825	0.3838	0.8411	data/transposed_00dabf1d5d5863ba.jpg
429	2	5	0.000	0.7775	0.1871	0.6038	0.5811	data/transposed_00dabf1d5d5863ba.jpg
430	2	5	0.000	0.9742	0.0021	0.0016	0.8240	data/transposed_003bfa647c199309.jpg
431	2	5	0.000	0.7974	0.2647	0.2353	0.9216	data/transposed_09f9fb6ef25b1eda.jpg
432	2	5	0.000	0.9569	0.0125	0.0014	0.9979	data/transposed_35c117011545b09b.jpg
433	2	5	0.000	0.5388	0.0417	0.0713	0.6500	data/transposed_13006173cef6cc5e.jpg
434	2	5	0.000	0.6550	0.5050	0.5825	0.6242	data/transposed_01381a0300454d75.jpg
435	2	5	0.000	0.5550	0.2796	0.3538	0.8030	data/transposed_0fab4e71052b9548.jpg
436	2	5	0.000	0.9319	0.5475	0.6919	0.7683	data/transposed_00a76046606aa888.jpg
437	2	5	0.000	0.4931	0.3200	0.2319	0.6800	data/transposed_0e158a57aa58babf.jpg
438	2	5	0.000	0.3875	0.1021	0.0930	0.6771	data/transposed_25321d2bdf1cc5bc.jpg
439	2	5	0.000	0.9908	0.0006	0.0008	0.8806	data/transposed_079ed1f3fa86d7c9.jpg
440	2	5	0.000	1.0000	0.0000	0.4281	0.2792	data/transposed_404d92e51549f991.jpg
441	2	5	0.000	0.9144	0.0925	0.2973	0.8406	data/transposed_04517668a869f2d8.jpg
442	2	5	0.000	0.5081	0.4600	0.3581	0.7283	data/transposed_00a76046606aa888.jpg
443	2	5	0.000	0.9350	0.2836	0.9131	0.3033	data/transposed_0603f22006991971.jpg
444	2	5	0.000	0.9425	0.1292	0.4606	0.9683	data/transposed_13006173cef6cc5e.jpg
445	2	5	0.000	0.8263	0.1050	0.0038	0.8267	data/transposed_1df171bdb99a62b4.jpg
446	2	5	0.000	1.0000	0.4858	0.7338	0.8292	data/transposed_216da3e31dfbb78d.jpg
447	2	5	0.000	0.1940	0.3460	0.0010	0.9340	data/transposed_00d669e2390b50ee.jpg
448	2	5	0.000	1.0000	0.2129	0.6775	0.9991	data/transposed_0e43afa5ff1089f1.jpg
449	2	5	0.000	0.9600	0.0800	0.0008	0.9219	data/transposed_30aa6eb04dddeb5f.jpg
450	2	5	0.000	1.0000	0.5117	0.8144	0.7792	data/transposed_10cc3815b95ae1bb.jpg
451	2	5	0.000	0.2175	0.7267	0.0938	0.9175	data/transposed_02c05018da2870de.jpg
452	2	5	0.000	1.0000	0.2300	0.0208	0.9494	data/transposed_33833782e3014346.jpg
453	2	5	0.000	1.0000	0.4456	0.0008	0.9975	data/transposed_00ca4857f3aaced7.jpg
454	2	5	0.000	0.9156	0.2292	0.6656	0.4800	data/transposed_03b3f942b2c2b0e8.jpg
455	2	5	0.000	0.1613	0.0000	0.0006	0.9875	data/transposed_3ff4ab51accbfe88.jpg
456	2	5	0.000	0.5337	0.4585	0.1300	0.9991	data/transposed_2c10377016e5bc44.jpg
457	2	5	0.000	0.7888	0.0807	0.3688	0.8424	data/transposed_0e43afa5ff1089f1.jpg
458	2	5	0.000	0.9494	0.0929	0.0219	1.0000	data/transposed_107c39b2b1fb8d37.jpg
459	2	5	0.000	0.5563	0.4417	0.4681	0.5725	data/transposed_32eedcc25c63f627.jpg
460	2	5	0.000	0.6294	0.6442	0.5662	0.6783	data/transposed_017f439639163703.jpg
461	2	5	0.000	0.9319	0.0325	0.2669	0.9950	data/transposed_0b8e700b7845d68e.jpg
462	2	5	0.000	0.4812	0.7642	0.3750	0.9542	data/transposed_005f6296062603a9.jpg
463	2	5	0.000	0.3694	0.1455	0.0938	0.6123	data/transposed_30f14d9b0feb175a.jpg
464	2	5	0.000	0.6594	0.4184	0.1587	0.8413	data/transposed_2ea40f1eb4b47510.jpg
465	2	5	0.000	0.4719	0.6133	0.3375	0.7283	data/transposed_102e5834dbf0b1cc.jpg
466	2	5	0.000	0.2175	0.2122	0.1494	0.2967	data/transposed_0603f22006991971.jpg
467	2	5	0.000	0.2469	0.1817	0.0369	0.6563	data/transposed_19a8e932846547b4.jpg
468	2	5	0.000	0.9581	0.0025	0.0019	0.9975	data/transposed_0e0aa4980de127ba.jpg
469	2	5	0.000	0.1683	0.5956	0.0008	0.9375	data/transposed_389f1a00e51d581c.jpg
470	2	5	0.000	0.9875	0.1338	0.4308	0.7894	data/transposed_0651786a7821ab22.jpg
471	2	5	0.000	0.7075	0.2974	0.4506	0.9606	data/transposed_011d3ecef79d91ad.jpg
472	2	5	0.000	0.3650	0.3664	0.0010	0.7552	data/transposed_3576f29874ba3702.jpg
473	2	5	0.000	0.1980	0.5641	0.0017	0.8571	data/transposed_1062690a06582845.jpg
474	2	5	0.000	1.0000	0.3725	0.0031	0.9486	data/transposed_00782bbf3bcee6cd.jpg
475	2	5	0.000	0.2525	0.1135	0.0006	0.3039	data/transposed_0fab4e71052b9548.jpg
476	2	5	0.000	0.6481	0.1745	0.4944	0.7401	data/transposed_2db9e7848a1f7870.jpg
477	2	5	0.000	0.8567	0.3289	0.4300	0.9689	data/transposed_0666abda3fa433ba.jpg
478	2	5	0.000	0.2667	0.4799	0.1078	0.6119	data/transposed_2747c5caf0332df9.jpg
479	2	5	0.000	0.9967	0.0031	0.0025	0.9962	data/transposed_00eb3e909dbdc5d3.jpg
480	2	5	0.000	0.7750	0.1958	0.0008	0.9719	data/transposed_05642dbfac7ae5b0.jpg
481	2	5	0.000	0.6312	0.7211	0.3234	0.9988	data/transposed_0602604499b9c09d.jpg
482	2	5	0.000	0.7806	0.3133	0.4875	0.6850	data/transposed_0e158a57aa58babf.jpg
483	2	5	0.000	0.5475	0.6175	0.4346	0.7894	data/transposed_02ef95d1f8e547e2.jpg
484	2	5	0.000	0.7967	0.1850	0.1133	0.9125	data/transposed_089b1550d7b264b5.jpg
485	2	5	0.000	0.6125	0.6758	0.3500	0.9992	data/transposed_079cab48c40308b5.jpg
486	2	5	0.000	0.9475	0.0144	0.1658	0.8600	data/transposed_32045bd39205d0ea.jpg
487	2	5	0.000	0.8588	0.0019	0.0019	0.9708	data/transposed_0b00d5a7dc6ce4f6.jpg
488	2	5	0.000	0.2300	0.8300	0.1260	0.9825	data/transposed_2a96abf3c061a5c6.jpg
489	2	5	0.000	0.1180	0.7525	0.0000	1.0000	data/transposed_2a96abf3c061a5c6.jpg
490	2	5	0.000	1.0000	0.0000	0.0006	0.9990	data/transposed_03e66f1e67b7ecea.jpg
491	2	5	0.000	0.7307	0.3187	0.3883	0.4350	data/transposed_0c0c16709c4fb7a9.jpg
492	2	5	0.000	0.8725	0.0283	0.5106	0.7333	data/transposed_01f872d7220f8440.jpg
493	2	5	0.000	0.9824	0.0000	0.0010	0.9985	data/transposed_00075e339f3d4f37.jpg
494	2	5	0.000	0.9356	0.1823	0.5294	0.8905	data/transposed_01c594ab2dd45d6b.jpg
495	2	5	0.000	0.9461	0.7510	0.5695	0.9990	data/transposed_0b1502a23af6a54f.jpg
496	2	5	0.000	0.5297	0.6667	0.3438	0.9625	data/transposed_073dd5489a8faed7.jpg
497	2	5	0.000	0.8319	0.2251	0.0006	0.9991	data/transposed_02362e80f8bf6a64.jpg
498	2	5	0.000	0.6087	0.7621	0.4456	0.8435	data/transposed_00839c7e26f5c5e0.jpg
499	2	5	0.000	0.9922	0.1844	0.3906	0.7875	data/transposed_13fc0778708f6e0d.jpg
500	2	5	0.000	1.0000	0.1000	0.0033	0.7338	data/transposed_029cf7b6d1a98a8c.jpg
501	2	5	0.000	0.1737	0.7333	0.0312	0.9983	data/transposed_1e8691ee9a011bbb.jpg
502	2	5	0.000	0.9983	0.2000	0.0033	0.9525	data/transposed_3c03254779883188.jpg
503	2	5	0.000	0.3900	0.6882	0.3656	0.7116	data/transposed_002c60d5fbc94244.jpg
504	2	5	0.000	0.7773	0.2031	0.0055	0.9708	data/transposed_05642dbfac7ae5b0.jpg
505	2	5	0.000	0.8081	0.3100	0.4356	0.6908	data/transposed_1beff3b2c1ed864c.jpg
506	2	5	0.000	1.0000	0.6056	0.7194	0.8006	data/transposed_294d9606656083bf.jpg
507	2	5	0.000	0.8488	0.6983	0.6469	0.9720	data/transposed_09c07b24d4672ea2.jpg
508	2	5	0.000	0.4375	0.1482	0.3781	0.2599	data/transposed_0fab4e71052b9548.jpg
509	2	5	0.000	0.6779	0.4664	0.5435	0.8156	data/transposed_002e531370b773ea.jpg
510	2	5	0.000	1.0000	0.3738	0.8011	0.5375	data/transposed_21664803b7ae1307.jpg
511	2	5	0.000	0.6325	0.5993	0.4519	0.7949	data/transposed_22c6a5957c238985.jpg
512	2	5	0.000	0.4467	0.0000	0.0008	0.6085	data/transposed_0330e2cd3d28c3e2.jpg
513	2	5	0.000	0.9431	0.4894	0.6831	0.7887	data/transposed_221dd6f9138951a7.jpg
514	2	5	0.000	0.6857	0.1600	0.0009	0.4963	data/transposed_2e00506ba1a0446f.jpg
515	2	5	0.000	0.3862	0.2033	0.1719	0.5092	data/transposed_102e5834dbf0b1cc.jpg
516	2	5	0.000	0.4880	0.6304	0.0010	0.9984	data/transposed_3576f29874ba3702.jpg
517	2	5	0.000	0.3969	0.3625	0.3113	0.4342	data/transposed_01381a0300454d75.jpg
518	2	5	0.000	0.8369	0.5192	0.7106	0.5950	data/transposed_01381a0300454d75.jpg
519	2	5	0.000	0.2662	0.6608	0.1594	0.8450	data/transposed_02c05018da2870de.jpg
520	2	5	0.000	0.9606	0.0100	0.0006	0.7750	data/transposed_1e5c3d37081118ac.jpg
521	2	5	0.000	0.5188	0.8831	0.4181	0.9989	data/transposed_002c60d5fbc94244.jpg
522	2	5	0.000	0.6530	0.2817	0.5445	0.4626	data/transposed_0345e899cc440fde.jpg
523	2	5	0.000	0.9363	0.0092	0.0706	0.9625	data/transposed_03be03672fb2764e.jpg
524	2	5	0.000	0.9388	0.1704	0.1562	0.9270	data/transposed_087cb4774ad3a321.jpg
525	2	5	0.000	1.0000	0.0742	0.1737	0.9992	data/transposed_1cbf39b80430466e.jpg
526	2	5	0.000	0.2633	0.3667	0.1742	0.4719	data/transposed_09f2960137eeb744.jpg
527	2	5	0.000	0.6138	0.0460	0.4425	0.3405	data/transposed_0fab4e71052b9548.jpg
528	2	5	0.000	0.3602	0.3198	0.1531	0.9062	data/transposed_05642dbfac7ae5b0.jpg
529	2	5	0.000	1.0000	0.0000	0.4244	0.4917	data/transposed_1a78f30807319f88.jpg
530	2	5	0.000	0.3726	0.3339	0.1258	0.7248	data/transposed_0e1d80d6a5571846.jpg
531	2	5	0.000	0.5844	0.3533	0.4956	0.4858	data/transposed_32eedcc25c63f627.jpg
532	2	5	0.000	0.3025	0.6400	0.1950	0.8667	data/transposed_2642e4e681cec55b.jpg
533	2	5	0.000	0.7869	0.1725	0.2650	0.5375	data/transposed_0098139fec714cb4.jpg
534	2	5	0.000	0.9194	0.0685	0.0006	0.9991	data/transposed_054e3559c9043d59.jpg
535	2	5	0.000	0.7444	0.0967	0.4619	0.5892	data/transposed_24107f46fce599fa.jpg
536	2	5	0.000	1.0000	0.3706	0.7441	0.6131	data/transposed_04cdf0a6b8628ecc.jpg
537	2	5	0.000	0.4431	0.1341	0.0525	0.9071	data/transposed_328d94d2d729b5cc.jpg
538	2	5	0.000	0.1206	0.0000	0.0006	0.2117	data/transposed_404d92e51549f991.jpg
539	2	5	0.000	0.9753	0.1764	0.7765	0.4762	data/transposed_15230047d350afdc.jpg
540	2	5	0.000	0.9703	0.1359	0.4047	0.5469	data/transposed_090b2ca2ed591b44.jpg
541	2	5	0.000	0.5813	0.0842	0.0006	0.9992	data/transposed_1a97bb789f4361f6.jpg
542	2	5	0.000	0.8838	0.4108	0.7388	0.5242	data/transposed_01381a0300454d75.jpg
543	2	5	0.000	0.9944	0.0017	0.0100	0.9958	data/transposed_3435faef2c5ccd6a.jpg
544	2	5	0.000	1.0000	0.5481	0.9333	0.9991	data/transposed_30e366352cba4828.jpg
545	2	5	0.000	0.9712	0.0233	0.3712	0.9533	data/transposed_1e8691ee9a011bbb.jpg
546	2	5	0.000	0.3744	0.2364	0.2656	0.3152	data/transposed_0fab4e71052b9548.jpg
547	2	5	0.000	1.0000	0.0000	0.0006	0.9992	data/transposed_0266e0072fd9e038.jpg
548	2	5	0.000	0.6932	0.1525	0.0016	0.9988	data/transposed_011c2e4461eb1fdc.jpg
549	2	5	0.000	0.3319	0.0933	0.2069	0.3033	data/transposed_079cab48c40308b5.jpg
550	2	5	0.000	0.9965	0.3280	0.8306	0.7090	data/transposed_15230047d350afdc.jpg
551	2	5	0.000	1.0000	0.0906	0.0000	0.9337	data/transposed_0034c7d615675754.jpg
552	2	5	0.000	0.4087	0.2632	0.2225	0.8013	data/transposed_00dabf1d5d5863ba.jpg
553	2	5	0.000	0.4106	0.6860	0.3950	0.7138	data/transposed_002c60d5fbc94244.jpg
554	2	5	0.000	0.8281	0.2188	0.0016	0.9979	data/transposed_0ffb7a7f63605d02.jpg
555	2	5	0.000	0.9006	0.0225	0.0175	0.9967	data/transposed_0e47cb8a63fdead3.jpg
556	2	5	0.000	0.8264	0.3064	0.5717	0.6899	data/transposed_0e1d80d6a5571846.jpg
557	2	5	0.000	0.6583	0.4465	0.1683	0.8493	data/transposed_0330e2cd3d28c3e2.jpg
558	2	5	0.000	0.4912	0.6417	0.3625	0.8733	data/transposed_2642e4e681cec55b.jpg
559	2	5	0.000	0.7930	0.0000	0.1610	0.9890	data/transposed_00d669e2390b50ee.jpg
560	2	5	0.000	0.4475	0.4292	0.2037	0.7217	data/transposed_216da3e31dfbb78d.jpg
561	2	5	0.000	0.5713	0.1379	0.3275	0.7477	data/transposed_2db9e7848a1f7870.jpg
562	2	5	0.000	0.4680	0.5031	0.1570	0.9969	data/transposed_09f2960137eeb744.jpg
563	2	5	0.000	0.6156	0.4562	0.5312	0.7042	data/transposed_073dd5489a8faed7.jpg
564	2	5	0.000	0.8919	0.0356	0.1169	0.9991	data/transposed_059da2366c3be42c.jpg
565	2	5	0.000	0.7906	0.0788	0.7063	0.1848	data/transposed_0fab4e71052b9548.jpg
566	2	5	0.000	0.2565	0.0523	0.0359	0.9428	data/transposed_007653c739edf912.jpg
567	2	5	0.000	0.7438	0.2567	0.5175	0.3808	data/transposed_216da3e31dfbb78d.jpg
568	2	5	0.000	0.8150	0.0700	0.0000	0.9822	data/transposed_0088db0070781736.jpg
569	2	5	0.000	0.8862	0.5795	0.6744	0.9892	data/transposed_0ddad0dfddfbe0d6.jpg
570	2	5	0.000	0.9134	0.1863	0.0670	0.9984	data/transposed_211bcd6cfb7e0df9.jpg
571	2	5	0.000	0.7050	0.3063	0.2542	1.0000	data/transposed_2c44e3645f81cc0f.jpg
572	2	5	0.000	0.6870	0.1245	0.4315	0.6447	data/transposed_1062690a06582845.jpg
573	2	5	0.000	0.6706	0.5550	0.5131	0.7758	data/transposed_01381a0300454d75.jpg
574	2	5	0.000	1.0000	0.0206	0.8337	0.7533	data/transposed_2db9e7848a1f7870.jpg
575	2	5	0.000	0.8812	0.6167	0.8337	0.6767	data/transposed_017f439639163703.jpg
576	2	5	0.000	0.7594	0.5625	0.6800	0.7617	data/transposed_005f6296062603a9.jpg
577	2	5	0.000	0.6094	0.2028	0.5569	0.2685	data/transposed_0603f22006991971.jpg
578	2	5	0.000	0.0781	0.5542	0.0312	0.5975	data/transposed_017f439639163703.jpg
579	2	5	0.000	0.9156	0.0715	0.1219	0.9754	data/transposed_0a553ce06f26e637.jpg
580	2	5	0.000	0.9357	0.0586	0.6904	0.5568	data/transposed_1062690a06582845.jpg
581	2	5	0.000	0.9700	0.0183	0.5956	1.0000	data/transposed_046414a706b9381f.jpg
582	2	5	0.000	0.6763	0.2992	0.0806	0.8442	data/transposed_00ac97302d6c1582.jpg
583	2	5	0.000	0.6025	0.0197	0.3925	0.3921	data/transposed_0742f36f08a35ffd.jpg
